<?xml version="1.0" encoding="UTF-8"?>
<!-- Generated by org.testng.reporters.JUnitReportReporter -->
<testsuite hostname="jq-PC" name="appium.FirstAppium" tests="1" failures="0" timestamp="13 Aug 2019 09:03:04 GMT" time="12.572" errors="0">
  <testcase name="plus" time="12.572" classname="appium.FirstAppium"/>
</testsuite> <!-- appium.FirstAppium -->
